TN:
SF:src\class\customer.ts
FN:13,(anonymous_0)
FN:19,(anonymous_1)
FN:23,(anonymous_2)
FN:32,(anonymous_3)
FN:37,(anonymous_4)
FN:41,(anonymous_5)
FNF:6
FNH:6
FNDA:2,(anonymous_0)
FNDA:1,(anonymous_1)
FNDA:1,(anonymous_2)
FNDA:2,(anonymous_3)
FNDA:1,(anonymous_4)
FNDA:1,(anonymous_5)
DA:7,1
DA:14,2
DA:15,2
DA:16,2
DA:20,1
DA:24,1
DA:27,1
DA:33,2
DA:34,2
DA:38,1
DA:42,1
LF:11
LH:11
BRF:0
BRH:0
end_of_record
TN:
SF:src\class\discount.ts
FN:3,(anonymous_0)
FN:6,(anonymous_1)
FN:11,(anonymous_2)
FN:15,(anonymous_3)
FNF:4
FNH:4
FNDA:9,(anonymous_0)
FNDA:5,(anonymous_1)
FNDA:1,(anonymous_2)
FNDA:1,(anonymous_3)
DA:3,2
DA:4,9
DA:7,5
DA:11,2
DA:12,1
DA:15,2
DA:16,1
DA:19,2
LF:8
LH:8
BRF:0
BRH:0
end_of_record
TN:
SF:src\class\order.ts
FN:10,(anonymous_0)
FN:17,(anonymous_1)
FN:21,(anonymous_2)
FNF:3
FNH:3
FNDA:5,(anonymous_0)
FNDA:2,(anonymous_1)
FNDA:5,(anonymous_2)
DA:7,1
DA:8,5
DA:11,5
DA:12,5
DA:13,5
DA:14,5
DA:18,2
DA:22,5
DA:23,1
DA:24,1
DA:27,4
DA:28,4
DA:31,4
DA:32,4
DA:33,4
LF:15
LH:15
BRDA:22,0,0,1
BRDA:22,0,1,4
BRF:2
BRH:2
end_of_record
TN:
SF:src\class\product.ts
FN:4,(anonymous_0)
FNF:1
FNH:1
FNDA:1,(anonymous_0)
DA:3,1
DA:4,1
LF:2
LH:2
BRF:0
BRH:0
end_of_record
TN:
SF:src\class\shopping-cart.ts
FN:8,(anonymous_0)
FN:10,(anonymous_1)
FN:14,(anonymous_2)
FN:18,(anonymous_3)
FN:22,(anonymous_4)
FN:24,(anonymous_5)
FN:28,(anonymous_6)
FN:32,(anonymous_7)
FN:36,(anonymous_8)
FNF:9
FNH:9
FNDA:6,(anonymous_0)
FNDA:10,(anonymous_1)
FNDA:2,(anonymous_2)
FNDA:6,(anonymous_3)
FNDA:3,(anonymous_4)
FNDA:6,(anonymous_5)
FNDA:2,(anonymous_6)
FNDA:2,(anonymous_7)
FNDA:1,(anonymous_8)
DA:5,1
DA:6,6
DA:8,6
DA:11,10
DA:15,2
DA:19,6
DA:23,3
DA:24,6
DA:29,2
DA:33,2
DA:37,1
DA:38,1
LF:12
LH:12
BRF:0
BRH:0
end_of_record
TN:
SF:src\services\messaging.ts
FN:4,(anonymous_0)
FNF:1
FNH:1
FNDA:3,(anonymous_0)
DA:3,1
DA:5,3
LF:2
LH:2
BRF:0
BRH:0
end_of_record
TN:
SF:src\services\persistency.ts
FN:4,(anonymous_0)
FNF:1
FNH:1
FNDA:3,(anonymous_0)
DA:3,1
DA:5,3
LF:2
LH:2
BRF:0
BRH:0
end_of_record
